<?xml version="1.0" encoding="UTF-8"?>
<!-- Generated by org.testng.reporters.JUnitXMLReporter -->
<testsuite ignored="0" hostname="Shubham" failures="1" tests="8" name="Surefire test" time="111.762" errors="0" timestamp="2024-04-06T14:33:49 IST">
  <testcase classname="testScenario.CartAllFunctionalityTest" name="testSignInWithValidCredentials" time="11.207"/>
  <testcase classname="testScenario.CartAllFunctionalityTest" name="testAddItemToCart" time="16.66"/>
  <testcase classname="testScenario.CartAllFunctionalityTest" name="testSubtotalLabel" time="2.093"/>
  <testcase classname="testScenario.CartAllFunctionalityTest" name="testSubtotalValue" time="1.689"/>
  <testcase classname="testScenario.CartAllFunctionalityTest" name="testProductDetails" time="0.386"/>
  <testcase classname="testScenario.CartAllFunctionalityTest" name="testUpdateQuantity" time="3.899"/>
  <testcase classname="testScenario.CartAllFunctionalityTest" name="testUpdateCart" time="21.695"/>
  <testcase classname="testScenario.CartAllFunctionalityTest" name="testCancelAndDeleteProduct" time="31.403">
    <failure type="org.openqa.selenium.TimeoutException" message="Expected condition failed: waiting for element to be clickable: By.xpath: //a[@class=&amp;apos;action showcart&amp;apos;] (tried for 30 second(s) with 500 milliseconds interval)
Build info: version: &amp;apos;4.14.0&amp;apos;, revision: &amp;apos;e5a96349ce&amp;apos;
System info: os.name: &amp;apos;Windows 11&amp;apos;, os.arch: &amp;apos;amd64&amp;apos;, os.version: &amp;apos;10.0&amp;apos;, java.version: &amp;apos;17.0.7&amp;apos;
Driver info: org.openqa.selenium.firefox.FirefoxDriver
Capabilities {acceptInsecureCerts: true, browserName: firefox, browserVersion: 124.0, moz:accessibilityChecks: false, moz:buildID: 20240311145044, moz:debuggerAddress: 127.0.0.1:15535, moz:geckodriverVersion: 0.33.0, moz:headless: false, moz:platformVersion: 10.0, moz:processID: 25064, moz:profile: C:\Users\shubh\AppData\Loca..., moz:shutdownTimeout: 60000, moz:webdriverClick: true, moz:windowless: false, pageLoadStrategy: normal, platformName: windows, proxy: Proxy(), se:cdp: ws://127.0.0.1:15535/devtoo..., se:cdpVersion: 85.0, setWindowRect: true, strictFileInteractability: false, timeouts: {implicit: 0, pageLoad: 300000, script: 30000}, unhandledPromptBehavior: dismiss and notify}
Session ID: bda7aa69-12f2-4a8f-b7f1-1f9bf15e0069">
      <![CDATA[org.openqa.selenium.TimeoutException: Expected condition failed: waiting for element to be clickable: By.xpath: //a[@class='action showcart'] (tried for 30 second(s) with 500 milliseconds interval)
Build info: version: '4.14.0', revision: 'e5a96349ce'
System info: os.name: 'Windows 11', os.arch: 'amd64', os.version: '10.0', java.version: '17.0.7'
Driver info: org.openqa.selenium.firefox.FirefoxDriver
Capabilities {acceptInsecureCerts: true, browserName: firefox, browserVersion: 124.0, moz:accessibilityChecks: false, moz:buildID: 20240311145044, moz:debuggerAddress: 127.0.0.1:15535, moz:geckodriverVersion: 0.33.0, moz:headless: false, moz:platformVersion: 10.0, moz:processID: 25064, moz:profile: C:\Users\shubh\AppData\Loca..., moz:shutdownTimeout: 60000, moz:webdriverClick: true, moz:windowless: false, pageLoadStrategy: normal, platformName: windows, proxy: Proxy(), se:cdp: ws://127.0.0.1:15535/devtoo..., se:cdpVersion: 85.0, setWindowRect: true, strictFileInteractability: false, timeouts: {implicit: 0, pageLoad: 300000, script: 30000}, unhandledPromptBehavior: dismiss and notify}
Session ID: bda7aa69-12f2-4a8f-b7f1-1f9bf15e0069
at org.openqa.selenium.support.ui.WebDriverWait.timeoutException(WebDriverWait.java:84)
at org.openqa.selenium.support.ui.FluentWait.until(FluentWait.java:230)
at pageObjects.Cart.clickShowCartLink(Cart.java:41)
at testScenario.CartAllFunctionalityTest.testCancelAndDeleteProduct(CartAllFunctionalityTest.java:238)
at java.base/java.util.ArrayList.forEach(ArrayList.java:1511)
... Removed 32 stack frames]]>
    </failure>
  </testcase> <!-- testCancelAndDeleteProduct -->
</testsuite> <!-- Surefire test -->
